Determining if the pthread_create exist failed with the following output:
Change Dir: /home/monk/golfbot/catkin_ws/build/catkin_tools_prebuild/CMakeFiles/CMakeTmp

Run Build Command:"/usr/bin/make" "cmTC_42ab9/fast"
/usr/bin/make -f CMakeFiles/cmTC_42ab9.dir/build.make CMakeFiles/cmTC_42ab9.dir/build
make[1]: Entering directory '/home/monk/golfbot/catkin_ws/build/catkin_tools_prebuild/CMakeFiles/CMakeTmp'
Building C object CMakeFiles/cmTC_42ab9.dir/CheckSymbolExists.c.o
/usr/bin/cc     -o CMakeFiles/cmTC_42ab9.dir/CheckSymbolExists.c.o   -c /home/monk/golfbot/catkin_ws/build/catkin_tools_prebuild/CMakeFiles/CMakeTmp/CheckSymbolExists.c
Linking C executable cmTC_42ab9
/usr/bin/cmake -E cmake_link_script CMakeFiles/cmTC_42ab9.dir/link.txt --verbose=1
/usr/bin/cc       CMakeFiles/cmTC_42ab9.dir/CheckSymbolExists.c.o  -o cmTC_42ab9 -rdynamic 
CMakeFiles/cmTC_42ab9.dir/CheckSymbolExists.c.o: In function `main':
CheckSymbolExists.c:(.text+0x16): undefined reference to `pthread_create'
collect2: error: ld returned 1 exit status
CMakeFiles/cmTC_42ab9.dir/build.make:97: recipe for target 'cmTC_42ab9' failed
make[1]: *** [cmTC_42ab9] Error 1
make[1]: Leaving directory '/home/monk/golfbot/catkin_ws/build/catkin_tools_prebuild/CMakeFiles/CMakeTmp'
Makefile:126: recipe for target 'cmTC_42ab9/fast' failed
make: *** [cmTC_42ab9/fast] Error 2

File /home/monk/golfbot/catkin_ws/build/catkin_tools_prebuild/CMakeFiles/CMakeTmp/CheckSymbolExists.c:
/* */
#include <pthread.h>

int main(int argc, char** argv)
{
  (void)argv;
#ifndef pthread_create
  return ((int*)(&pthread_create))[argc];
#else
  (void)argc;
  return 0;
#endif
}

Determining if the function pthread_create exists in the pthreads failed with the following output:
Change Dir: /home/monk/golfbot/catkin_ws/build/catkin_tools_prebuild/CMakeFiles/CMakeTmp

Run Build Command:"/usr/bin/make" "cmTC_bd1d4/fast"
/usr/bin/make -f CMakeFiles/cmTC_bd1d4.dir/build.make CMakeFiles/cmTC_bd1d4.dir/build
make[1]: Entering directory '/home/monk/golfbot/catkin_ws/build/catkin_tools_prebuild/CMakeFiles/CMakeTmp'
Building C object CMakeFiles/cmTC_bd1d4.dir/CheckFunctionExists.c.o
/usr/bin/cc    -DCHECK_FUNCTION_EXISTS=pthread_create   -o CMakeFiles/cmTC_bd1d4.dir/CheckFunctionExists.c.o   -c /usr/share/cmake-3.5/Modules/CheckFunctionExists.c
Linking C executable cmTC_bd1d4
/usr/bin/cmake -E cmake_link_script CMakeFiles/cmTC_bd1d4.dir/link.txt --verbose=1
/usr/bin/cc   -DCHECK_FUNCTION_EXISTS=pthread_create    CMakeFiles/cmTC_bd1d4.dir/CheckFunctionExists.c.o  -o cmTC_bd1d4 -rdynamic -lpthreads 
/usr/bin/ld: cannot find -lpthreads
collect2: error: ld returned 1 exit status
CMakeFiles/cmTC_bd1d4.dir/build.make:97: recipe for target 'cmTC_bd1d4' failed
make[1]: *** [cmTC_bd1d4] Error 1
make[1]: Leaving directory '/home/monk/golfbot/catkin_ws/build/catkin_tools_prebuild/CMakeFiles/CMakeTmp'
Makefile:126: recipe for target 'cmTC_bd1d4/fast' failed
make: *** [cmTC_bd1d4/fast] Error 2


